<?xml version="1.0" encoding="UTF-8"?>
<!-- Generated by org.testng.reporters.JUnitXMLReporter -->
<testsuite ignored="0" hostname="Aney" failures="0" tests="1" name="Test-Runner-2" time="25.029" errors="0" timestamp="2022-12-07T15:39:30 IST">
  <testcase classname="vTiger.ContactsTest.CreateContactWithOrganizationBaseTest" name="CreateContactWithOrgBaseTest" time="16.31"/>
</testsuite> <!-- Test-Runner-2 -->
