<?xml version="1.0" encoding="UTF-8"?>
<!-- Generated by org.testng.reporters.JUnitXMLReporter -->
<testsuite ignored="0" hostname="Aney" failures="0" tests="1" name="Test-Runner-1" time="17.671" errors="0" timestamp="2022-12-07T15:39:23 IST">
  <testcase classname="createOrganisationTest.CreateOrganizationBaseClassTest" name="createOrgTest" time="9.261"/>
</testsuite> <!-- Test-Runner-1 -->
