<?xml version="1.0" encoding="UTF-8"?>
<!-- Generated by org.testng.reporters.JUnitXMLReporter -->
<testsuite ignored="0" hostname="Aney" failures="0" tests="1" name="Test-Ruunner-Chrome" time="15.148" errors="0" timestamp="2022-12-07T19:46:02 IST">
  <testcase classname="createOrganisationTest.CreateOrganizationBaseClassTest" name="createOrgTest" time="8.249"/>
</testsuite> <!-- Test-Ruunner-Chrome -->
