<?xml version="1.0" encoding="UTF-8"?>
<!-- Generated by org.testng.reporters.JUnitReportReporter -->
<testsuite hostname="Aney" failures="0" tests="1" name="vTiger.Practice.ReadDataFromCmdLine" time="0.014" errors="0" timestamp="2022-12-23T10:40:29 IST" skipped="0">
  <testcase classname="vTiger.Practice.ReadDataFromCmdLine" name="readData" time="0.014"/>
  <system-out/>
</testsuite> <!-- vTiger.Practice.ReadDataFromCmdLine -->
