<?xml version="1.0" encoding="UTF-8"?>
<!-- Generated by org.testng.reporters.JUnitReportReporter -->
<testsuite hostname="Aney" failures="0" tests="3" name="vTiger.Practice.TestNGPractice" time="0.015" errors="0" timestamp="2022-11-21T17:04:33 IST" skipped="0">
  <testcase classname="vTiger.Practice.TestNGPractice" name="createCustomerTest" time="0.013"/>
  <system-out/>
  <testcase classname="vTiger.Practice.TestNGPractice" name="modifyCustomerTest" time="0.001"/>
  <system-out/>
  <testcase classname="vTiger.Practice.TestNGPractice" name="deleteCustomerTest" time="0.001"/>
  <system-out/>
</testsuite> <!-- vTiger.Practice.TestNGPractice -->
