<?xml version="1.0" encoding="UTF-8"?>
<!-- Generated by org.testng.reporters.JUnitReportReporter -->
<testsuite hostname="Aney" failures="0" tests="2" name="vTiger.Practice.BaseClassPractice" time="0.011" errors="0" timestamp="2022-12-06T10:45:38 IST" skipped="0">
  <testcase classname="vTiger.Practice.BaseClassPractice" name="Atest2" time="0.009"/>
  <system-out/>
  <testcase classname="vTiger.Practice.BaseClassPractice" name="test" time="0.002"/>
  <system-out/>
</testsuite> <!-- vTiger.Practice.BaseClassPractice -->
