<?xml version="1.0" encoding="UTF-8"?>
<!-- Generated by org.testng.reporters.JUnitReportReporter -->
<testsuite hostname="Aney" failures="0" tests="1" name="vTiger.Practice.MakeMyTripTest" time="6.982" errors="0" timestamp="2022-12-29T11:25:33 IST" skipped="0">
  <testcase classname="vTiger.Practice.MakeMyTripTest" name="bookAFlightTest" time="6.982"/>
  <system-out/>
</testsuite> <!-- vTiger.Practice.MakeMyTripTest -->
