<?xml version="1.0" encoding="UTF-8"?>
<!-- Generated by org.testng.reporters.JUnitReportReporter -->
<testsuite hostname="Aney" failures="0" tests="4" name="vTiger.Practice.TestNGPractice" time="0.011" errors="0" timestamp="2023-03-23T13:30:37 IST" skipped="0">
  <testcase classname="vTiger.Practice.TestNGPractice" name="createCustomerTest" time="0.007"/>
  <system-out/>
  <testcase classname="vTiger.Practice.TestNGPractice" name="createCustomerTest" time="0.002"/>
  <system-out/>
  <testcase classname="vTiger.Practice.TestNGPractice" name="modifyCustomerTest" time="0.001"/>
  <system-out/>
  <testcase classname="vTiger.Practice.TestNGPractice" name="deleteCustomerTest" time="0.001"/>
  <system-out/>
</testsuite> <!-- vTiger.Practice.TestNGPractice -->
