<?xml version="1.0" encoding="UTF-8"?>
<!-- Generated by org.testng.reporters.JUnitReportReporter -->
<testsuite hostname="Aney" failures="0" tests="1" name="createOrganisationTest.CreateOragnizationTest" time="12.497" errors="0" timestamp="2022-12-07T13:52:02 IST" skipped="0">
  <testcase classname="createOrganisationTest.CreateOragnizationTest" name="createOrgTest" time="12.497"/>
  <system-out/>
</testsuite> <!-- createOrganisationTest.CreateOragnizationTest -->
