<?xml version="1.0" encoding="UTF-8"?>
<!-- Generated by org.testng.reporters.JUnitReportReporter -->
<testsuite hostname="Aney" failures="0" tests="1" name="vTiger.Practice.WebTable_Practice" time="18.250" errors="0" timestamp="2023-01-22T11:29:21 IST" skipped="0">
  <testcase classname="vTiger.Practice.WebTable_Practice" name="orgWebTable" time="18.250"/>
  <system-out/>
</testsuite> <!-- vTiger.Practice.WebTable_Practice -->
