<?xml version="1.0" encoding="UTF-8"?>
<!-- Generated by org.testng.reporters.JUnitReportReporter -->
<testsuite hostname="Aney" failures="0" tests="3" name="vTiger.Practice.DataProviderPractice" time="0.011" errors="0" timestamp="2022-12-05T15:53:57 IST" skipped="0">
  <testcase classname="vTiger.Practice.DataProviderPractice" name="dataProvidePractice" time="0.001"/>
  <system-out/>
  <testcase classname="vTiger.Practice.DataProviderPractice" name="dataProvidePractice" time="0.001"/>
  <system-out/>
  <testcase classname="vTiger.Practice.DataProviderPractice" name="dataProvidePractice" time="0.009"/>
  <system-out/>
</testsuite> <!-- vTiger.Practice.DataProviderPractice -->
