<?xml version="1.0" encoding="UTF-8"?>
<!-- Generated by org.testng.reporters.JUnitReportReporter -->
<testsuite hostname="Aney" failures="0" tests="1" name="createOrganisationTest.CreateOrganizationBaseClassTest" time="25.178" errors="0" timestamp="2022-12-10T12:52:56 IST" skipped="0">
  <testcase classname="createOrganisationTest.CreateOrganizationBaseClassTest" name="createOrgTest" time="25.178"/>
  <system-out/>
</testsuite> <!-- createOrganisationTest.CreateOrganizationBaseClassTest -->
